<?xml version="1.0" encoding="UTF-8"?>
<!-- Generated by org.testng.reporters.JUnitReportReporter -->
<testsuite hostname="fedora" failures="0" tests="10" name="clases.Ejercicio2LealtdaPuntos" time="0.029" errors="0" timestamp="2022-11-22T07:47:36 CST" skipped="0">
  <testcase classname="clases.Ejercicio2LealtdaPuntos" name="verificarClienteNCupon" time="0.011"/>
  <system-out/>
  <testcase classname="clases.Ejercicio2LealtdaPuntos" name="verificarGuardarNoCupon" time="0.002"/>
  <system-out/>
  <testcase classname="clases.Ejercicio2LealtdaPuntos" name="verificarClienteSTarjeta" time="0.002"/>
  <system-out/>
  <testcase classname="clases.Ejercicio2LealtdaPuntos" name="verificarSaldoEntre50y100" time="0.002"/>
  <system-out/>
  <testcase classname="clases.Ejercicio2LealtdaPuntos" name="verificarSaldoEntre100y150" time="0.001"/>
  <system-out/>
  <testcase classname="clases.Ejercicio2LealtdaPuntos" name="verificarSaldoMayora150" time="0.002"/>
  <system-out/>
  <testcase classname="clases.Ejercicio2LealtdaPuntos" name="verificarSaldoMenora50" time="0.002"/>
  <system-out/>
  <testcase classname="clases.Ejercicio2LealtdaPuntos" name="verificarClienteSCupon" time="0.002"/>
  <system-out/>
  <testcase classname="clases.Ejercicio2LealtdaPuntos" name="verificarGuardarCupon" time="0.002"/>
  <system-out/>
  <testcase classname="clases.Ejercicio2LealtdaPuntos" name="verificarClienteNTarjeta" time="0.003"/>
  <system-out/>
</testsuite> <!-- clases.Ejercicio2LealtdaPuntos -->
