<?xml version="1.0" encoding="UTF-8"?>
<!-- Generated by org.testng.reporters.JUnitReportReporter -->
<testsuite hostname="fedora" failures="0" tests="9" name="clases.PizzaOrden" time="0.028" errors="0" timestamp="2022-11-20T15:57:50 CST" skipped="0">
  <testcase classname="clases.PizzaOrden" name="verificarPreguntarPizzaVegetarianaVerdadera" time="0.002"/>
  <system-out/>
  <testcase classname="clases.PizzaOrden" name="verificarGuardarIngrediente6ComoSalchicha" time="0.001"/>
  <system-out/>
  <testcase classname="clases.PizzaOrden" name="verificarGuardarIngrediente4ComoPeperoni" time="0.002"/>
  <system-out/>
  <testcase classname="clases.PizzaOrden" name="verificarGuardarIngredienteNoValida" time="0.002"/>
  <system-out/>
  <testcase classname="clases.PizzaOrden" name="verificarOpcionVeganaFalsa" time="0.003"/>
  <system-out/>
  <testcase classname="clases.PizzaOrden" name="verificarGuardarIngrediente3ComoEspinaca" time="0.012"/>
  <system-out/>
  <testcase classname="clases.PizzaOrden" name="verificarGuardarIngrediente5ComoJamon" time="0.002"/>
  <system-out/>
  <testcase classname="clases.PizzaOrden" name="verificarOpcionVeganaVerdadera" time="0.002"/>
  <system-out/>
  <testcase classname="clases.PizzaOrden" name="verificarPreguntarPizzaVegetarianaFalsa" time="0.002"/>
  <system-out/>
</testsuite> <!-- clases.PizzaOrden -->
